[3.725s] Invoking command in '/home/ubuntu/dev_ws/build/pigpio': /usr/bin/cmake --build /home/ubuntu/dev_ws/build/pigpio -- -j4 -l4
[4.398s] [35m[1mScanning dependencies of target pigpiod_if[0m
[4.496s] [35m[1mScanning dependencies of target pigpiod_if2[0m
[4.518s] [35m[1mScanning dependencies of target pigs[0m
[4.724s] [  4%] [32mBuilding C object CMakeFiles/pigpio.dir/pigpio.c.o[0m
[4.734s] [  8%] [32mBuilding C object CMakeFiles/pigpiod_if.dir/pigpiod_if.c.o[0m
[4.966s] [ 13%] [32mBuilding C object CMakeFiles/pigs.dir/pigs.c.o[0m
[5.156s] [ 17%] [32mBuilding C object CMakeFiles/pigpiod_if2.dir/pigpiod_if2.c.o[0m
[6.398s] [ 21%] [32mBuilding C object CMakeFiles/pigs.dir/command.c.o[0m
[8.680s] [ 26%] [32mBuilding C object CMakeFiles/pigpiod_if.dir/command.c.o[0m
[8.914s] [ 30%] [32m[1mLinking C executable pigs[0m
[9.025s] [ 34%] [32mBuilding C object CMakeFiles/pigpiod_if2.dir/command.c.o[0m
[10.185s] [ 34%] Built target pigs
[10.605s] [ 39%] [32mBuilding C object CMakeFiles/pigpio.dir/command.c.o[0m
[11.277s] [ 43%] [32m[1mLinking C shared library libpigpiod_if.so[0m
[11.361s] [ 47%] [32m[1mLinking C shared library libpigpiod_if2.so[0m
[12.167s] [ 47%] Built target pigpiod_if2
[12.592s] [35m[1mScanning dependencies of target pig2vcd[0m
[12.630s] [ 47%] Built target pigpiod_if
[12.978s] [35m[1mScanning dependencies of target x_pigpiod_if[0m
[13.075s] [ 52%] [32mBuilding C object CMakeFiles/pig2vcd.dir/pig2vcd.c.o[0m
[13.168s] [ 56%] [32mBuilding C object CMakeFiles/pig2vcd.dir/command.c.o[0m
[13.438s] [ 60%] [32mBuilding C object CMakeFiles/x_pigpiod_if.dir/x_pigpiod_if.c.o[0m
[14.169s] [35m[1mScanning dependencies of target x_pigpiod_if2[0m
[14.676s] [ 65%] [32mBuilding C object CMakeFiles/x_pigpiod_if2.dir/x_pigpiod_if2.c.o[0m
[15.886s] [ 69%] [32m[1mLinking C executable x_pigpiod_if[0m
[16.014s] [ 73%] [32m[1mLinking C executable pig2vcd[0m
[17.365s] [ 73%] Built target x_pigpiod_if
[17.468s] [ 73%] Built target pig2vcd
[17.499s] [ 78%] [32m[1mLinking C executable x_pigpiod_if2[0m
[18.221s] [ 78%] Built target x_pigpiod_if2
[23.878s] [ 82%] [32m[1mLinking C shared library libpigpio.so[0m
[24.418s] [ 82%] Built target pigpio
[24.558s] [35m[1mScanning dependencies of target x_pigpio[0m
[24.815s] [ 86%] [32mBuilding C object CMakeFiles/x_pigpio.dir/x_pigpio.c.o[0m
[26.266s] [ 91%] [32m[1mLinking C executable x_pigpio[0m
[26.752s] [ 91%] Built target x_pigpio
[26.881s] [35m[1mScanning dependencies of target pigpiod[0m
[27.026s] [ 95%] [32mBuilding C object CMakeFiles/pigpiod.dir/pigpiod.c.o[0m
[27.763s] [100%] [32m[1mLinking C executable pigpiod[0m
[28.398s] [100%] Built target pigpiod
[28.519s] Invoked command in '/home/ubuntu/dev_ws/build/pigpio' returned '0': /usr/bin/cmake --build /home/ubuntu/dev_ws/build/pigpio -- -j4 -l4
[28.653s] Traceback (most recent call last):
  File "/usr/lib/python3/dist-packages/colcon_parallel_executor/executor/parallel.py", line 75, in execute
    loop.run_until_complete(future)
  File "/usr/lib/python3.8/asyncio/base_events.py", line 603, in run_until_complete
    self.run_forever()
  File "/usr/lib/python3.8/asyncio/base_events.py", line 570, in run_forever
    self._run_once()
  File "/usr/lib/python3.8/asyncio/base_events.py", line 1823, in _run_once
    event_list = self._selector.select(timeout)
  File "/usr/lib/python3.8/selectors.py", line 468, in select
    fd_event_list = self._selector.poll(timeout, max_ev)
KeyboardInterrupt

During handling of the above exception, another exception occurred:

Traceback (most recent call last):
  File "/usr/lib/python3/dist-packages/colcon_core/executor/__init__.py", line 91, in __call__
    rc = await self.task(*args, **kwargs)
  File "/usr/lib/python3/dist-packages/colcon_core/task/__init__.py", line 93, in __call__
    return await task_method(*args, **kwargs)
  File "/usr/lib/python3/dist-packages/colcon_cmake/task/cmake/build.py", line 110, in build
    if await has_target(args.build_base, 'install'):
  File "/usr/lib/python3/dist-packages/colcon_cmake/task/cmake/__init__.py", line 57, in has_target
    return target in await get_makefile_targets(path)
  File "/usr/lib/python3/dist-packages/colcon_cmake/task/cmake/__init__.py", line 77, in get_makefile_targets
    output = await check_output([
  File "/usr/lib/python3/dist-packages/colcon_core/subprocess.py", line 129, in check_output
    assert not rc, f'Expected {args} to pass: {stderr_data}'
AssertionError: Expected ['/usr/bin/cmake', '--build', '/home/ubuntu/dev_ws/build/pigpio', '--target', 'help'] to pass: 
